0 info it worked if it ends with ok
1 verbose cli [ 'node', '/usr/local/bin/npm', 'publish' ]
2 info using npm@2.9.1
3 info using node@v0.12.3
4 verbose publish [ '.' ]
5 silly cache add args [ '.', null ]
6 verbose cache add spec .
7 silly cache add parsed spec { raw: '.',
7 silly cache add   scope: null,
7 silly cache add   name: null,
7 silly cache add   rawSpec: '.',
7 silly cache add   spec: '/Users/macbook/Documents/Github/cola-lib/censorify',
7 silly cache add   type: 'directory' }
8 verbose addLocalDirectory /Users/macbook/.npm/censorify_qcoke_2347987/0.1.1/package.tgz not in flight; packing
9 verbose tar pack [ '/Users/macbook/.npm/censorify_qcoke_2347987/0.1.1/package.tgz',
9 verbose tar pack   '/Users/macbook/Documents/Github/cola-lib/censorify' ]
10 verbose tarball /Users/macbook/.npm/censorify_qcoke_2347987/0.1.1/package.tgz
11 verbose folder /Users/macbook/Documents/Github/cola-lib/censorify
12 info prepublish censorify_qcoke_2347987@0.1.1
13 verbose addLocalTarball adding from inside cache /Users/macbook/.npm/censorify_qcoke_2347987/0.1.1/package.tgz
14 silly cache afterAdd censorify_qcoke_2347987@0.1.1
15 verbose afterAdd /Users/macbook/.npm/censorify_qcoke_2347987/0.1.1/package/package.json not in flight; writing
16 verbose afterAdd /Users/macbook/.npm/censorify_qcoke_2347987/0.1.1/package/package.json written
17 silly publish { author: { name: '可乐加糖' },
17 silly publish   name: 'censorify_qcoke_2347987',
17 silly publish   version: '0.1.1',
17 silly publish   description: 'npm up test',
17 silly publish   main: 'censortext',
17 silly publish   repository:
17 silly publish    { type: 'git',
17 silly publish      url: 'https://github.com/qcoke/cola-lib/tree/master/censorify' },
17 silly publish   keywords: [ 'censor', 'words' ],
17 silly publish   dependencies: {},
17 silly publish   engines: { node: '*' },
17 silly publish   readme: 'ERROR: No README data found!',
17 silly publish   _id: 'censorify_qcoke_2347987@0.1.1',
17 silly publish   scripts: {},
17 silly publish   _shasum: '309ba59e980a33bdf75ceca8af114969545df6d9',
17 silly publish   _from: '.' }
18 verbose getPublishConfig undefined
19 silly mapToRegistry name censorify_qcoke_2347987
20 silly mapToRegistry using default registry
21 silly mapToRegistry registry https://registry.npmjs.org/
22 silly mapToRegistry uri https://registry.npmjs.org/censorify_qcoke_2347987
23 verbose publish registryBase https://registry.npmjs.org/
24 silly publish uploading /Users/macbook/.npm/censorify_qcoke_2347987/0.1.1/package.tgz
25 verbose request uri https://registry.npmjs.org/censorify_qcoke_2347987
26 verbose request sending authorization for write operation
27 info attempt registry request try #1 at 1:46:44 PM
28 verbose request using bearer token for auth
29 verbose request id f5188d0f6fe481a3
30 http request PUT https://registry.npmjs.org/censorify_qcoke_2347987
31 http 403 https://registry.npmjs.org/censorify_qcoke_2347987
32 verbose headers { 'content-type': 'application/json',
32 verbose headers   'cache-control': 'max-age=60',
32 verbose headers   'content-length': '128',
32 verbose headers   'accept-ranges': 'bytes',
32 verbose headers   date: 'Wed, 23 Sep 2015 05:46:49 GMT',
32 verbose headers   via: '1.1 varnish',
32 verbose headers   connection: 'keep-alive',
32 verbose headers   'x-served-by': 'cache-itm7426-ITM',
32 verbose headers   'x-cache': 'MISS',
32 verbose headers   'x-cache-hits': '0',
32 verbose headers   'x-timer': 'S1442987208.890651,VS0,VE825' }
33 verbose request invalidating /Users/macbook/.npm/registry.npmjs.org/censorify_qcoke_2347987 on PUT
34 error publish Failed PUT 403
35 verbose stack Error: "You cannot publish over the previously published version 0.1.1. Try bumping the version to 1.0.0" : censorify_qcoke_2347987
35 verbose stack     at CachingRegistryClient.<anonymous> (/usr/local/lib/node_modules/npm/node_modules/npm-registry-client/lib/request.js:247:14)
35 verbose stack     at Request._callback (/usr/local/lib/node_modules/npm/node_modules/npm-registry-client/lib/request.js:170:14)
35 verbose stack     at Request.self.callback (/usr/local/lib/node_modules/npm/node_modules/request/request.js:368:22)
35 verbose stack     at Request.emit (events.js:110:17)
35 verbose stack     at Request.<anonymous> (/usr/local/lib/node_modules/npm/node_modules/request/request.js:1219:14)
35 verbose stack     at Request.emit (events.js:129:20)
35 verbose stack     at IncomingMessage.<anonymous> (/usr/local/lib/node_modules/npm/node_modules/request/request.js:1167:12)
35 verbose stack     at IncomingMessage.emit (events.js:129:20)
35 verbose stack     at _stream_readable.js:908:16
35 verbose stack     at process._tickCallback (node.js:355:11)
36 verbose statusCode 403
37 verbose pkgid censorify_qcoke_2347987
38 verbose cwd /Users/macbook/Documents/Github/cola-lib/censorify
39 error Darwin 14.5.0
40 error argv "node" "/usr/local/bin/npm" "publish"
41 error node v0.12.3
42 error npm  v2.9.1
43 error code E403
44 error "You cannot publish over the previously published version 0.1.1. Try bumping the version to 1.0.0" : censorify_qcoke_2347987
45 error If you need help, you may report this error at:
45 error     <https://github.com/npm/npm/issues>
46 verbose exit [ 1, true ]
