0 info it worked if it ends with ok
1 verbose cli [ '/usr/local/bin/node', '/usr/local/bin/npm', 'start' ]
2 info using npm@4.1.1
3 info using node@v6.9.1
4 verbose run-script [ 'prestart', 'start', 'poststart' ]
5 info lifecycle ex1@1.0.0~prestart: ex1@1.0.0
6 silly lifecycle ex1@1.0.0~prestart: no script for prestart, continuing
7 info lifecycle ex1@1.0.0~start: ex1@1.0.0
8 verbose lifecycle ex1@1.0.0~start: unsafe-perm in lifecycle true
9 verbose lifecycle ex1@1.0.0~start: PATH: /usr/local/lib/node_modules/npm/bin/node-gyp-bin:/Users/macbook/Documents/Github/cola-lib/react_full_stack/ex1/node_modules/.bin:/usr/local/mysql/bin:/usr/local/maven/apache-maven-3.3.9/bin:/Library/Java/JavaVirtualMachines/jdk1.8.0_40.jdk/Contents/Home/bin:/Users/macbook/bin/Sencha/Cmd/6.2.1.29:/Users/macbook/bin/Sencha/Cmd/5.1.3.61:/Users/macbook/.rvm/gems/ruby-2.2.2/bin:/Users/macbook/.rvm/gems/ruby-2.2.2@global/bin:/Users/macbook/.rvm/rubies/ruby-2.2.2/bin:/usr/local/bin:/usr/bin:/bin:/usr/sbin:/sbin:/Users/macbook/.rvm/bin
10 verbose lifecycle ex1@1.0.0~start: CWD: /Users/macbook/Documents/Github/cola-lib/react_full_stack/ex1
11 silly lifecycle ex1@1.0.0~start: Args: [ '-c', 'webpack-dev-server --hot --progress --colors' ]
12 silly lifecycle ex1@1.0.0~start: Returned: code: 1  signal: null
13 info lifecycle ex1@1.0.0~start: Failed to exec start script
14 verbose stack Error: ex1@1.0.0 start: `webpack-dev-server --hot --progress --colors`
14 verbose stack Exit status 1
14 verbose stack     at EventEmitter.<anonymous> (/usr/local/lib/node_modules/npm/lib/utils/lifecycle.js:279:16)
14 verbose stack     at emitTwo (events.js:106:13)
14 verbose stack     at EventEmitter.emit (events.js:191:7)
14 verbose stack     at ChildProcess.<anonymous> (/usr/local/lib/node_modules/npm/lib/utils/spawn.js:40:14)
14 verbose stack     at emitTwo (events.js:106:13)
14 verbose stack     at ChildProcess.emit (events.js:191:7)
14 verbose stack     at maybeClose (internal/child_process.js:877:16)
14 verbose stack     at Process.ChildProcess._handle.onexit (internal/child_process.js:226:5)
15 verbose pkgid ex1@1.0.0
16 verbose cwd /Users/macbook/Documents/Github/cola-lib/react_full_stack/ex1
17 error Darwin 16.3.0
18 error argv "/usr/local/bin/node" "/usr/local/bin/npm" "start"
19 error node v6.9.1
20 error npm  v4.1.1
21 error code ELIFECYCLE
22 error ex1@1.0.0 start: `webpack-dev-server --hot --progress --colors`
22 error Exit status 1
23 error Failed at the ex1@1.0.0 start script 'webpack-dev-server --hot --progress --colors'.
23 error Make sure you have the latest version of node.js and npm installed.
23 error If you do, this is most likely a problem with the ex1 package,
23 error not with npm itself.
23 error Tell the author that this fails on your system:
23 error     webpack-dev-server --hot --progress --colors
23 error You can get information on how to open an issue for this project with:
23 error     npm bugs ex1
23 error Or if that isn't available, you can get their info via:
23 error     npm owner ls ex1
23 error There is likely additional logging output above.
24 verbose exit [ 1, true ]
